c:\projects\i2hook\i2hook\x64\release\i2hook.pch
c:\projects\i2hook\i2hook\x64\release\vc141.pdb
c:\projects\i2hook\i2hook\x64\release\pch.obj
c:\projects\i2hook\i2hook\x64\release\patterns.obj
c:\projects\i2hook\i2hook\x64\release\kiero.obj
c:\projects\i2hook\i2hook\x64\release\inireader.obj
c:\projects\i2hook\i2hook\x64\release\imgui_widgets.obj
c:\projects\i2hook\i2hook\x64\release\imgui_impl_win32.obj
c:\projects\i2hook\i2hook\x64\release\imgui_impl_dx11.obj
c:\projects\i2hook\i2hook\x64\release\imgui_draw.obj
c:\projects\i2hook\i2hook\x64\release\imgui_demo.obj
c:\projects\i2hook\i2hook\x64\release\imgui.obj
c:\projects\i2hook\i2hook\x64\release\dllmain.obj
c:\projects\i2hook\i2hook\x64\release\mk10utils.obj
c:\projects\i2hook\i2hook\x64\release\esettingsmanager.obj
c:\projects\i2hook\i2hook\x64\release\dcf2menu.obj
c:\projects\i2hook\i2hook\x64\release\dcf2.obj
c:\projects\i2hook\i2hook\x64\release\trampoline.obj
c:\projects\i2hook\i2hook\x64\release\hook.obj
c:\projects\i2hook\i2hook\x64\release\hde64.obj
c:\projects\i2hook\i2hook\x64\release\hde32.obj
c:\projects\i2hook\i2hook\x64\release\buffer.obj
c:\projects\i2hook\x64\release\i2hook.ipdb
c:\projects\i2hook\x64\release\i2hook.iobj
c:\projects\i2hook\x64\release\i2hook.asi
c:\projects\i2hook\x64\release\i2hook.pdb
c:\projects\i2hook\i2hook\x64\release\i2hook.tlog\cl.command.1.tlog
c:\projects\i2hook\i2hook\x64\release\i2hook.tlog\cl.read.1.tlog
c:\projects\i2hook\i2hook\x64\release\i2hook.tlog\cl.write.1.tlog
c:\projects\i2hook\i2hook\x64\release\i2hook.tlog\i2hook.write.1u.tlog
c:\projects\i2hook\i2hook\x64\release\i2hook.tlog\link.command.1.tlog
c:\projects\i2hook\i2hook\x64\release\i2hook.tlog\link.read.1.tlog
c:\projects\i2hook\i2hook\x64\release\i2hook.tlog\link.write.1.tlog
